<?xml version="1.0" encoding="UTF-8"?>
<!-- Generated by org.testng.reporters.JUnitReportReporter -->
<testsuite hostname="SVROLP01518" failures="0" tests="2" name="SearchWikipedia" time="16.406" errors="0" timestamp="2022-02-01T14:28:33 EET" skipped="0">
  <testcase classname="SearchWikipedia" name="changeToEnglish" time="9.145"/>
  <system-out/>
  <testcase classname="SearchWikipedia" name="searchTest" time="7.261"/>
  <system-out/>
</testsuite> <!-- SearchWikipedia -->
