<?xml version="1.0" encoding="UTF-8"?>
<!-- Generated by org.testng.reporters.JUnitReportReporter -->
<testsuite hostname="SVROLP01518" failures="0" tests="1" name="SearchWikipedia" time="10.368" errors="0" timestamp="2021-12-24T08:53:45 EET" skipped="0">
  <testcase classname="SearchWikipedia" name="searchTest" time="10.368"/>
  <system-out/>
</testsuite> <!-- SearchWikipedia -->
